2026-05-04 20:49:56 [error]: ZodError: [
  {
    "expected": "string",
    "code": "invalid_type",
    "path": [
      "chatId"
    ],
    "message": "Invalid input: expected string, received null"
  }
]
    at Socket.<anonymous> (D:\dev\FitTribeProject\fittribe-backend\src\infrastructure\services\socketService\chat\chat-handler.ts:24:47)
    at Socket.emit (node:events:508:28)
    at Socket.emitUntyped (D:\dev\FitTribeProject\fittribe-backend\node_modules\socket.io\dist\typed-events.js:69:22)
    at D:\dev\FitTribeProject\fittribe-backend\node_modules\socket.io\dist\socket.js:697:39
    at processTicksAndRejections (node:internal/process/task_queues:85:11)
2026-05-04 21:15:03 [error]: ZodError: [
  {
    "expected": "string",
    "code": "invalid_type",
    "path": [
      "chatId"
    ],
    "message": "Invalid input: expected string, received null"
  }
]
    at Socket.<anonymous> (D:\dev\FitTribeProject\fittribe-backend\src\infrastructure\services\socketService\chat\chat-handler.ts:24:47)
    at Socket.emit (node:events:508:28)
    at Socket.emitUntyped (D:\dev\FitTribeProject\fittribe-backend\node_modules\socket.io\dist\typed-events.js:69:22)
    at D:\dev\FitTribeProject\fittribe-backend\node_modules\socket.io\dist\socket.js:697:39
    at processTicksAndRejections (node:internal/process/task_queues:85:11)
2026-05-07 16:11:40 [error]: ValidationError: Message validation failed: content: Path `content` is required.
    at model.Document.invalidate (D:\dev\FitTribeProject\fittribe-backend\node_modules\mongoose\lib\document.js:3352:32)
    at D:\dev\FitTribeProject\fittribe-backend\node_modules\mongoose\lib\document.js:3113:17
    at D:\dev\FitTribeProject\fittribe-backend\node_modules\mongoose\lib\schemaType.js:1407:9
    at processTicksAndRejections (node:internal/process/task_queues:85:11)
2026-05-08 00:42:50 [error]: ZodError: [
  {
    "expected": "number",
    "code": "invalid_type",
    "path": [
      "file",
      "size"
    ],
    "message": "Invalid input: expected number, received undefined"
  },
  {
    "expected": "string",
    "code": "invalid_type",
    "path": [
      "file",
      "name"
    ],
    "message": "Invalid input: expected string, received undefined"
  }
]
    at Socket.<anonymous> (D:\dev\FitTribeProject\fittribe-backend\src\infrastructure\services\socketService\chat\chat-handler.ts:35:72)
    at Socket.emit (node:events:508:28)
    at Socket.emitUntyped (D:\dev\FitTribeProject\fittribe-backend\node_modules\socket.io\dist\typed-events.js:69:22)
    at D:\dev\FitTribeProject\fittribe-backend\node_modules\socket.io\dist\socket.js:697:39
    at processTicksAndRejections (node:internal/process/task_queues:85:11)
2026-05-08 00:47:51 [error]: ZodError: [
  {
    "expected": "string",
    "code": "invalid_type",
    "path": [
      "file",
      "name"
    ],
    "message": "Invalid input: expected string, received undefined"
  }
]
    at Socket.<anonymous> (D:\dev\FitTribeProject\fittribe-backend\src\infrastructure\services\socketService\chat\chat-handler.ts:35:72)
    at Socket.emit (node:events:508:28)
    at Socket.emitUntyped (D:\dev\FitTribeProject\fittribe-backend\node_modules\socket.io\dist\typed-events.js:69:22)
    at D:\dev\FitTribeProject\fittribe-backend\node_modules\socket.io\dist\socket.js:697:39
    at processTicksAndRejections (node:internal/process/task_queues:85:11)
2026-05-08 01:35:46 [error]: ZodError: [
  {
    "expected": "number",
    "code": "invalid_type",
    "path": [
      "file",
      "size"
    ],
    "message": "Invalid input: expected number, received string"
  }
]
    at Socket.<anonymous> (D:\dev\FitTribeProject\fittribe-backend\src\infrastructure\services\socketService\chat\chat-handler.ts:35:72)
    at Socket.emit (node:events:508:28)
    at Socket.emitUntyped (D:\dev\FitTribeProject\fittribe-backend\node_modules\socket.io\dist\typed-events.js:69:22)
    at D:\dev\FitTribeProject\fittribe-backend\node_modules\socket.io\dist\socket.js:697:39
    at processTicksAndRejections (node:internal/process/task_queues:85:11)
